2026-04-21T11:06:24.616796309 [INFO] Starting server on port 8080
2026-04-21T11:06:39.587056278 [INFO] Request: GET / HTTP/1.1
2026-04-21T11:06:39.657480382 [INFO] Request: GET /favicon.ico HTTP/1.1
2026-04-21T11:06:44.290426362 [INFO] Request: GET / HTTP/1.1
2026-04-21T11:06:51.171873916 [INFO] Request: GET / HTTP/1.1
2026-04-21T11:08:04.226663736 [INFO] Starting server on port 8080
2026-04-21T11:08:12.303841615 [INFO] Request: GET / HTTP/1.1
2026-04-21T11:08:12.367573764 [INFO] 200: /index.html
2026-04-21T11:08:12.386881204 [INFO] Request: GET /playlist HTTP/1.1
2026-04-21T11:08:42.635129013 [INFO] Request: POST / HTTP/1.1
2026-04-21T11:08:42.644540359 [INFO] Upload progress: 65536 / 4050319 bytes
2026-04-21T11:08:42.645268265 [INFO] Upload progress: 114688 / 4050319 bytes
2026-04-21T11:08:42.645774319 [INFO] Upload progress: 180224 / 4050319 bytes
2026-04-21T11:08:42.646213416 [INFO] Upload progress: 222208 / 4050319 bytes
2026-04-21T11:08:42.646730862 [INFO] Upload progress: 287744 / 4050319 bytes
2026-04-21T11:08:42.647179020 [INFO] Upload progress: 353280 / 4050319 bytes
2026-04-21T11:08:42.647657965 [INFO] Upload progress: 418816 / 4050319 bytes
2026-04-21T11:08:42.648086297 [INFO] Upload progress: 438272 / 4050319 bytes
2026-04-21T11:08:42.648531062 [INFO] Upload progress: 503808 / 4050319 bytes
2026-04-21T11:08:42.648965190 [INFO] Upload progress: 569344 / 4050319 bytes
2026-04-21T11:08:42.649429180 [INFO] Upload progress: 634880 / 4050319 bytes
2026-04-21T11:08:42.649830041 [INFO] Upload progress: 654192 / 4050319 bytes
2026-04-21T11:08:42.650250681 [INFO] Upload progress: 719728 / 4050319 bytes
2026-04-21T11:08:42.650711087 [INFO] Upload progress: 785264 / 4050319 bytes
2026-04-21T11:08:42.651120461 [INFO] Upload progress: 850800 / 4050319 bytes
2026-04-21T11:08:42.651530135 [INFO] Upload progress: 870112 / 4050319 bytes
2026-04-21T11:08:42.651931196 [INFO] Upload progress: 935648 / 4050319 bytes
2026-04-21T11:08:42.652314993 [INFO] Upload progress: 1001184 / 4050319 bytes
2026-04-21T11:08:42.652727449 [INFO] Upload progress: 1066720 / 4050319 bytes
2026-04-21T11:08:42.653107445 [INFO] Upload progress: 1086032 / 4050319 bytes
2026-04-21T11:08:42.653639174 [INFO] Upload progress: 1151568 / 4050319 bytes
2026-04-21T11:08:42.654041990 [INFO] Upload progress: 1217104 / 4050319 bytes
2026-04-21T11:08:42.654443423 [INFO] Upload progress: 1282640 / 4050319 bytes
2026-04-21T11:08:42.654803335 [INFO] Upload progress: 1301952 / 4050319 bytes
2026-04-21T11:08:42.655208919 [INFO] Upload progress: 1367488 / 4050319 bytes
2026-04-21T11:08:42.655605065 [INFO] Upload progress: 1433024 / 4050319 bytes
2026-04-21T11:08:42.655976714 [INFO] Upload progress: 1498560 / 4050319 bytes
2026-04-21T11:08:42.656421267 [INFO] Upload progress: 1517872 / 4050319 bytes
2026-04-21T11:08:42.656835326 [INFO] Upload progress: 1583408 / 4050319 bytes
2026-04-21T11:08:42.657237096 [INFO] Upload progress: 1648944 / 4050319 bytes
2026-04-21T11:08:42.657605208 [INFO] Upload progress: 1714480 / 4050319 bytes
2026-04-21T11:08:42.657950018 [INFO] Upload progress: 1733792 / 4050319 bytes
2026-04-21T11:08:42.658336475 [INFO] Upload progress: 1799328 / 4050319 bytes
2026-04-21T11:08:42.658717808 [INFO] Upload progress: 1864864 / 4050319 bytes
2026-04-21T11:08:42.659089371 [INFO] Upload progress: 1930400 / 4050319 bytes
2026-04-21T11:08:42.659418454 [INFO] Upload progress: 1949712 / 4050319 bytes
2026-04-21T11:08:42.659779179 [INFO] Upload progress: 2015248 / 4050319 bytes
2026-04-21T11:08:42.660169846 [INFO] Upload progress: 2080784 / 4050319 bytes
2026-04-21T11:08:42.660885893 [INFO] Upload progress: 2146320 / 4050319 bytes
2026-04-21T11:08:42.661299754 [INFO] Upload progress: 2165632 / 4050319 bytes
2026-04-21T11:08:42.661745724 [INFO] Upload progress: 2231168 / 4050319 bytes
2026-04-21T11:08:42.662105207 [INFO] Upload progress: 2296704 / 4050319 bytes
2026-04-21T11:08:42.662489620 [INFO] Upload progress: 2362240 / 4050319 bytes
2026-04-21T11:08:42.662814445 [INFO] Upload progress: 2381552 / 4050319 bytes
2026-04-21T11:08:42.663187160 [INFO] Upload progress: 2447088 / 4050319 bytes
2026-04-21T11:08:42.663560693 [INFO] Upload progress: 2512624 / 4050319 bytes
2026-04-21T11:08:42.663897072 [INFO] Upload progress: 2578160 / 4050319 bytes
2026-04-21T11:08:42.664304656 [INFO] Upload progress: 2597472 / 4050319 bytes
2026-04-21T11:08:42.664679216 [INFO] Upload progress: 2663008 / 4050319 bytes
2026-04-21T11:08:42.665028537 [INFO] Upload progress: 2728544 / 4050319 bytes
2026-04-21T11:08:42.665361777 [INFO] Upload progress: 2794080 / 4050319 bytes
2026-04-21T11:08:42.665748232 [INFO] Upload progress: 2813392 / 4050319 bytes
2026-04-21T11:08:42.666118021 [INFO] Upload progress: 2878928 / 4050319 bytes
2026-04-21T11:08:42.666528832 [INFO] Upload progress: 2944464 / 4050319 bytes
2026-04-21T11:08:42.666894858 [INFO] Upload progress: 3010000 / 4050319 bytes
2026-04-21T11:08:42.667233150 [INFO] Upload progress: 3029312 / 4050319 bytes
2026-04-21T11:08:42.667622383 [INFO] Upload progress: 3094848 / 4050319 bytes
2026-04-21T11:08:42.667988048 [INFO] Upload progress: 3160384 / 4050319 bytes
2026-04-21T11:08:42.668482271 [INFO] Upload progress: 3225920 / 4050319 bytes
2026-04-21T11:08:42.668834184 [INFO] Upload progress: 3245232 / 4050319 bytes
2026-04-21T11:08:42.669181834 [INFO] Upload progress: 3310768 / 4050319 bytes
2026-04-21T11:08:42.669562347 [INFO] Upload progress: 3376304 / 4050319 bytes
2026-04-21T11:08:42.669906807 [INFO] Upload progress: 3441840 / 4050319 bytes
2026-04-21T11:08:42.670232432 [INFO] Upload progress: 3461152 / 4050319 bytes
2026-04-21T11:08:42.670605985 [INFO] Upload progress: 3526688 / 4050319 bytes
2026-04-21T11:08:42.670938357 [INFO] Upload progress: 3592224 / 4050319 bytes
2026-04-21T11:08:42.671255293 [INFO] Upload progress: 3657760 / 4050319 bytes
2026-04-21T11:08:42.671549069 [INFO] Upload progress: 3677072 / 4050319 bytes
2026-04-21T11:08:42.671897722 [INFO] Upload progress: 3742608 / 4050319 bytes
2026-04-21T11:08:42.672205359 [INFO] Upload progress: 3808144 / 4050319 bytes
2026-04-21T11:08:42.672525629 [INFO] Upload progress: 3873680 / 4050319 bytes
2026-04-21T11:08:42.672866973 [INFO] Upload progress: 3892992 / 4050319 bytes
2026-04-21T11:08:42.673198908 [INFO] Upload progress: 3958528 / 4050319 bytes
2026-04-21T11:08:42.673524542 [INFO] Upload progress: 4024064 / 4050319 bytes
2026-04-21T11:08:42.673809013 [INFO] Upload progress: 4050319 / 4050319 bytes
2026-04-21T11:08:42.673977722 [INFO] Upload complete, parsing multipart...
2026-04-21T11:08:42.724957588 [INFO] Saved: /home/sudheshna/IdeaProjects/PlaylistServer/src/uploads/img.jpg (4050138 bytes)
2026-04-21T11:08:42.741628343 [INFO] Request: GET /playlist HTTP/1.1
2026-04-21T11:08:51.166908156 [INFO] Request: GET /uploads/img.jpg HTTP/1.1
2026-04-21T11:08:51.170346509 [INFO] 200: /uploads/img.jpg
2026-04-21T11:09:04.019823690 [INFO] Request: POST / HTTP/1.1
2026-04-21T11:09:04.021685076 [INFO] Upload progress: 2766 / 2766 bytes
2026-04-21T11:09:04.022009220 [INFO] Upload complete, parsing multipart...
2026-04-21T11:09:04.024634519 [INFO] Saved: /home/sudheshna/IdeaProjects/PlaylistServer/src/uploads/download.jpeg (2579 bytes)
2026-04-21T11:09:04.032747371 [INFO] Request: GET /playlist HTTP/1.1
2026-04-21T11:09:06.228324036 [INFO] Request: GET /uploads/download.jpeg HTTP/1.1
2026-04-21T11:09:06.324137794 [INFO] 200: /uploads/download.jpeg
2026-04-21T11:09:21.199849235 [INFO] Request: POST / HTTP/1.1
2026-04-21T11:09:21.201590654 [INFO] Upload progress: 16384 / 2848388 bytes
2026-04-21T11:09:21.201896650 [INFO] Upload progress: 32768 / 2848388 bytes
2026-04-21T11:09:21.202130759 [INFO] Upload progress: 49152 / 2848388 bytes
2026-04-21T11:09:21.202372863 [INFO] Upload progress: 81920 / 2848388 bytes
2026-04-21T11:09:21.202856468 [INFO] Upload progress: 98304 / 2848388 bytes
2026-04-21T11:09:21.203139594 [INFO] Upload progress: 114688 / 2848388 bytes
2026-04-21T11:09:21.203439395 [INFO] Upload progress: 131072 / 2848388 bytes
2026-04-21T11:09:21.203726301 [INFO] Upload progress: 163840 / 2848388 bytes
2026-04-21T11:09:21.204007780 [INFO] Upload progress: 180224 / 2848388 bytes
2026-04-21T11:09:21.204227610 [INFO] Upload progress: 196608 / 2848388 bytes
2026-04-21T11:09:21.204486174 [INFO] Upload progress: 245760 / 2848388 bytes
2026-04-21T11:09:21.204733627 [INFO] Upload progress: 262144 / 2848388 bytes
2026-04-21T11:09:21.205054620 [INFO] Upload progress: 278528 / 2848388 bytes
2026-04-21T11:09:21.205291432 [INFO] Upload progress: 311296 / 2848388 bytes
2026-04-21T11:09:21.205598984 [INFO] Upload progress: 376832 / 2848388 bytes
2026-04-21T11:09:21.205860600 [INFO] Upload progress: 442368 / 2848388 bytes
2026-04-21T11:09:21.206113452 [INFO] Upload progress: 507904 / 2848388 bytes
2026-04-21T11:09:21.206373471 [INFO] Upload progress: 573440 / 2848388 bytes
2026-04-21T11:09:21.206657333 [INFO] Upload progress: 638976 / 2848388 bytes
2026-04-21T11:09:21.206955370 [INFO] Upload progress: 704512 / 2848388 bytes
2026-04-21T11:09:21.207236561 [INFO] Upload progress: 770048 / 2848388 bytes
2026-04-21T11:09:21.207608032 [INFO] Upload progress: 835584 / 2848388 bytes
2026-04-21T11:09:21.207892940 [INFO] Upload progress: 901120 / 2848388 bytes
2026-04-21T11:09:21.208181919 [INFO] Upload progress: 966656 / 2848388 bytes
2026-04-21T11:09:21.208475022 [INFO] Upload progress: 1032192 / 2848388 bytes
2026-04-21T11:09:21.208912436 [INFO] Upload progress: 1097728 / 2848388 bytes
2026-04-21T11:09:21.209171667 [INFO] Upload progress: 1163264 / 2848388 bytes
2026-04-21T11:09:21.209498922 [INFO] Upload progress: 1228800 / 2848388 bytes
2026-04-21T11:09:21.209741084 [INFO] Upload progress: 1294336 / 2848388 bytes
2026-04-21T11:09:21.210100305 [INFO] Upload progress: 1359872 / 2848388 bytes
2026-04-21T11:09:21.210363391 [INFO] Upload progress: 1425408 / 2848388 bytes
2026-04-21T11:09:21.211324815 [INFO] Upload progress: 1490944 / 2848388 bytes
2026-04-21T11:09:21.211811460 [INFO] Upload progress: 1556480 / 2848388 bytes
2026-04-21T11:09:21.212133228 [INFO] Upload progress: 1622016 / 2848388 bytes
2026-04-21T11:09:21.212437690 [INFO] Upload progress: 1687552 / 2848388 bytes
2026-04-21T11:09:21.212863197 [INFO] Upload progress: 1753088 / 2848388 bytes
2026-04-21T11:09:21.213156017 [INFO] Upload progress: 1818624 / 2848388 bytes
2026-04-21T11:09:21.213426030 [INFO] Upload progress: 1884160 / 2848388 bytes
2026-04-21T11:09:21.213674147 [INFO] Upload progress: 1949696 / 2848388 bytes
2026-04-21T11:09:21.214043900 [INFO] Upload progress: 2015232 / 2848388 bytes
2026-04-21T11:09:21.214676686 [INFO] Upload progress: 2034544 / 2848388 bytes
2026-04-21T11:09:21.215060836 [INFO] Upload progress: 2100080 / 2848388 bytes
2026-04-21T11:09:21.215410178 [INFO] Upload progress: 2165616 / 2848388 bytes
2026-04-21T11:09:21.215661632 [INFO] Upload progress: 2231152 / 2848388 bytes
2026-04-21T11:09:21.215888129 [INFO] Upload progress: 2296688 / 2848388 bytes
2026-04-21T11:09:21.216134928 [INFO] Upload progress: 2362224 / 2848388 bytes
2026-04-21T11:09:21.216393904 [INFO] Upload progress: 2414968 / 2848388 bytes
2026-04-21T11:09:21.216639160 [INFO] Upload progress: 2480504 / 2848388 bytes
2026-04-21T11:09:21.216880556 [INFO] Upload progress: 2546040 / 2848388 bytes
2026-04-21T11:09:21.217099514 [INFO] Upload progress: 2611576 / 2848388 bytes
2026-04-21T11:09:21.217355222 [INFO] Upload progress: 2677112 / 2848388 bytes
2026-04-21T11:09:21.217629184 [INFO] Upload progress: 2742648 / 2848388 bytes
2026-04-21T11:09:21.217884839 [INFO] Upload progress: 2808184 / 2848388 bytes
2026-04-21T11:09:21.218127722 [INFO] Upload progress: 2848388 / 2848388 bytes
2026-04-21T11:09:21.218233785 [INFO] Upload complete, parsing multipart...
2026-04-21T11:09:21.250037328 [INFO] Saved: /home/sudheshna/IdeaProjects/PlaylistServer/src/uploads/vid.mp4 (2848208 bytes)
2026-04-21T11:09:21.256703126 [INFO] Request: GET /playlist HTTP/1.1
2026-04-21T11:09:25.394184068 [INFO] Request: GET /uploads/vid.mp4 HTTP/1.1
2026-04-21T11:09:25.424353175 [INFO] 206: /uploads/vid.mp4 0-2848207
2026-04-21T11:09:25.440265385 [INFO] Request: GET /uploads/vid.mp4 HTTP/1.1
2026-04-21T11:09:25.443324174 [INFO] 206: /uploads/vid.mp4 2818048-2848207
2026-04-21T11:09:25.535672416 [INFO] Request: GET /favicon.ico HTTP/1.1
2026-04-21T11:09:26.621305117 [INFO] Request: GET /uploads/download.jpeg HTTP/1.1
2026-04-21T11:21:56.824089258 [INFO] Starting server on port 8080
2026-04-21T11:22:02.268991212 [INFO] Request: GET / HTTP/1.1
2026-04-21T11:22:02.324217850 [INFO] 200: /index.html
2026-04-21T11:22:02.363086068 [INFO] Request: GET /playlist HTTP/1.1
